<?xml version="1.0" encoding="UTF-8"?>
<!-- Generated by org.testng.reporters.JUnitReportReporter -->
<testsuite hostname="DESKTOP-6CSMFOS" failures="0" tests="1" name="reliance.reliance3" time="44.083" errors="0" timestamp="2023-10-19T16:22:24 IST" skipped="0">
  <testcase classname="reliance.reliance3" name="main" time="44.083"/>
  <system-out/>
</testsuite> <!-- reliance.reliance3 -->
