<?xml version="1.0" encoding="UTF-8"?>
<!-- Generated by org.testng.reporters.JUnitReportReporter -->
<testsuite hostname="DESKTOP-6CSMFOS" failures="0" tests="1" name="model.rider" time="7.709" errors="0" timestamp="2023-10-18T12:23:57 IST" skipped="0">
  <testcase classname="model.rider" name="main" time="7.709"/>
  <system-out/>
</testsuite> <!-- model.rider -->
