<?xml version="1.0" encoding="UTF-8"?>
<!-- Generated by org.testng.reporters.JUnitReportReporter -->
<testsuite hostname="DESKTOP-HTVHC8L" failures="0" tests="1" name="SPA.mcigna" time="101.211" errors="0" timestamp="2023-12-13T17:18:56 IST" skipped="0">
  <testcase classname="SPA.mcigna" name="main" time="101.211"/>
  <system-out/>
</testsuite> <!-- SPA.mcigna -->
