<?xml version="1.0" encoding="UTF-8"?>
<!-- Generated by org.testng.reporters.JUnitReportReporter -->
<testsuite hostname="DESKTOP-6CSMFOS" failures="0" tests="1" name="liberty.libertyp1" time="168.786" errors="0" timestamp="2023-09-12T10:49:27 IST" skipped="0">
  <testcase classname="liberty.libertyp1" name="main" time="168.786"/>
  <system-out/>
</testsuite> <!-- liberty.libertyp1 -->
