<?xml version="1.0" encoding="UTF-8"?>
<!-- Generated by org.testng.reporters.JUnitReportReporter -->
<testsuite hostname="DESKTOP-HTVHC8L" failures="0" tests="1" name="SIB.care" time="142.421" errors="0" timestamp="2023-12-08T16:48:23 IST" skipped="0">
  <testcase classname="SIB.care" name="main" time="142.421"/>
  <system-out/>
</testsuite> <!-- SIB.care -->
