<?xml version="1.0" encoding="UTF-8"?>
<!-- Generated by org.testng.reporters.JUnitReportReporter -->
<testsuite hostname="DESKTOP-HTVHC8L" failures="0" tests="1" name="FinEzzy.care" time="123.649" errors="0" timestamp="2023-11-24T12:43:15 IST" skipped="0">
  <testcase classname="FinEzzy.care" name="main" time="123.649"/>
  <system-out/>
</testsuite> <!-- FinEzzy.care -->
