<?xml version="1.0" encoding="UTF-8"?>
<!-- Generated by org.testng.reporters.JUnitReportReporter -->
<testsuite hostname="DESKTOP-6CSMFOS" failures="0" tests="1" name="liberty.libertyp3" time="140.585" errors="0" timestamp="2023-09-13T10:39:13 IST" skipped="0">
  <testcase classname="liberty.libertyp3" name="main" time="140.585"/>
  <system-out/>
</testsuite> <!-- liberty.libertyp3 -->
