<?xml version="1.0" encoding="UTF-8"?>
<!-- Generated by org.testng.reporters.JUnitReportReporter -->
<testsuite hostname="DESKTOP-HTVHC8L" failures="0" tests="1" name="sanity.reliance" time="107.311" errors="0" timestamp="2023-12-21T12:07:28 IST" skipped="0">
  <testcase classname="sanity.reliance" name="main" time="107.311"/>
  <system-out/>
</testsuite> <!-- sanity.reliance -->
