<?xml version="1.0" encoding="UTF-8"?>
<!-- Generated by org.testng.reporters.JUnitReportReporter -->
<testsuite hostname="DESKTOP-6CSMFOS" failures="0" tests="1" name="liberty.libertysanity" time="135.210" errors="0" timestamp="2023-09-11T17:20:52 IST" skipped="0">
  <testcase classname="liberty.libertysanity" name="main" time="135.210"/>
  <system-out/>
</testsuite> <!-- liberty.libertysanity -->
