<?xml version="1.0" encoding="UTF-8"?>
<!-- Generated by org.testng.reporters.JUnitReportReporter -->
<testsuite hostname="DESKTOP-HTVHC8L" failures="0" tests="1" name="SIB.mcigna" time="157.784" errors="0" timestamp="2023-12-11T17:13:23 IST" skipped="0">
  <testcase classname="SIB.mcigna" name="main" time="157.784"/>
  <system-out/>
</testsuite> <!-- SIB.mcigna -->
