<?xml version="1.0" encoding="UTF-8"?>
<!-- Generated by org.testng.reporters.JUnitReportReporter -->
<testsuite hostname="DESKTOP-6CSMFOS" failures="0" tests="1" name="RS.RS2" time="77.324" errors="0" timestamp="2023-09-05T18:16:47 IST" skipped="0">
  <testcase classname="RS.RS2" name="main" time="77.324"/>
  <system-out/>
</testsuite> <!-- RS.RS2 -->
