<?xml version="1.0" encoding="UTF-8"?>
<!-- Generated by org.testng.reporters.JUnitReportReporter -->
<testsuite hostname="DESKTOP-HTVHC8L" failures="0" tests="1" name="SPA.ICICI" time="253.924" errors="0" timestamp="2023-12-15T12:30:00 IST" skipped="0">
  <testcase classname="SPA.ICICI" name="main" time="253.924"/>
  <system-out/>
</testsuite> <!-- SPA.ICICI -->
