<?xml version="1.0" encoding="UTF-8"?>
<!-- Generated by org.testng.reporters.JUnitReportReporter -->
<testsuite hostname="DESKTOP-HTVHC8L" failures="0" tests="1" name="SPA.niva1_0" time="156.209" errors="0" timestamp="2023-12-13T16:10:58 IST" skipped="0">
  <testcase classname="SPA.niva1_0" name="main" time="156.209"/>
  <system-out/>
</testsuite> <!-- SPA.niva1_0 -->
