<?xml version="1.0" encoding="UTF-8"?>
<!-- Generated by org.testng.reporters.JUnitReportReporter -->
<testsuite hostname="DESKTOP-6CSMFOS" failures="0" tests="1" name="UAT.niva1_0" time="190.872" errors="0" timestamp="2023-10-23T16:56:57 IST" skipped="0">
  <testcase classname="UAT.niva1_0" name="main" time="190.872"/>
  <system-out/>
</testsuite> <!-- UAT.niva1_0 -->
