<?xml version="1.0" encoding="UTF-8"?>
<!-- Generated by org.testng.reporters.JUnitReportReporter -->
<testsuite hostname="DESKTOP-6CSMFOS" failures="0" tests="1" name="reliance.reliance" time="135.668" errors="0" timestamp="2023-10-26T17:10:46 IST" skipped="0">
  <testcase classname="reliance.reliance" name="main" time="135.668"/>
  <system-out/>
</testsuite> <!-- reliance.reliance -->
