<?xml version="1.0" encoding="UTF-8"?>
<!-- Generated by org.testng.reporters.JUnitReportReporter -->
<testsuite hostname="DESKTOP-6CSMFOS" failures="0" tests="1" name="sbi.sbisanity" time="175.194" errors="0" timestamp="2023-09-13T11:01:04 IST" skipped="0">
  <testcase classname="sbi.sbisanity" name="main" time="175.194"/>
  <system-out/>
</testsuite> <!-- sbi.sbisanity -->
