<?xml version="1.0" encoding="UTF-8"?>
<!-- Generated by org.testng.reporters.JUnitReportReporter -->
<testsuite hostname="DESKTOP-HTVHC8L" failures="0" tests="1" name="sanity.bajaj" time="135.910" errors="0" timestamp="2023-12-21T10:52:50 IST" skipped="0">
  <testcase classname="sanity.bajaj" name="main" time="135.910"/>
  <system-out/>
</testsuite> <!-- sanity.bajaj -->
