<?xml version="1.0" encoding="UTF-8"?>
<!-- Generated by org.testng.reporters.JUnitReportReporter -->
<testsuite hostname="DESKTOP-HTVHC8L" failures="0" tests="1" name="sanity.liberty" time="87.742" errors="0" timestamp="2023-12-21T10:26:46 IST" skipped="0">
  <testcase classname="sanity.liberty" name="main" time="87.742"/>
  <system-out/>
</testsuite> <!-- sanity.liberty -->
