<?xml version="1.0" encoding="UTF-8"?>
<!-- Generated by org.testng.reporters.JUnitReportReporter -->
<testsuite hostname="DESKTOP-HTVHC8L" failures="0" tests="1" name="Choice.sbi" time="142.961" errors="0" timestamp="2023-12-19T12:07:16 IST" skipped="0">
  <testcase classname="Choice.sbi" name="main" time="142.961"/>
  <system-out/>
</testsuite> <!-- Choice.sbi -->
