<?xml version="1.0" encoding="UTF-8"?>
<!-- Generated by org.testng.reporters.JUnitReportReporter -->
<testsuite hostname="DESKTOP-6CSMFOS" failures="0" tests="1" name="niva1_0" time="84.323" errors="0" timestamp="2023-08-25T13:54:55 IST" skipped="0">
  <testcase classname="niva1_0" name="main" time="84.323"/>
  <system-out/>
</testsuite> <!-- niva1_0 -->
