<?xml version="1.0" encoding="UTF-8"?>
<!-- Generated by org.testng.reporters.JUnitReportReporter -->
<testsuite hostname="DESKTOP-HTVHC8L" failures="0" tests="1" name="PolicyEra.star" time="115.924" errors="0" timestamp="2023-12-21T12:13:30 IST" skipped="0">
  <testcase classname="PolicyEra.star" name="main" time="115.924"/>
  <system-out/>
</testsuite> <!-- PolicyEra.star -->
