<?xml version="1.0" encoding="UTF-8"?>
<!-- Generated by org.testng.reporters.JUnitReportReporter -->
<testsuite hostname="DESKTOP-HTVHC8L" failures="0" tests="1" name="Choice.care" time="79.086" errors="0" timestamp="2023-12-20T12:21:33 IST" skipped="0">
  <testcase classname="Choice.care" name="main" time="79.086"/>
  <system-out/>
</testsuite> <!-- Choice.care -->
