<?xml version="1.0" encoding="UTF-8"?>
<!-- Generated by org.testng.reporters.JUnitReportReporter -->
<testsuite hostname="DESKTOP-6CSMFOS" failures="0" tests="1" name="RS.RSsanity" time="133.763" errors="0" timestamp="2023-09-12T17:13:27 IST" skipped="0">
  <testcase classname="RS.RSsanity" name="main" time="133.763"/>
  <system-out/>
</testsuite> <!-- RS.RSsanity -->
