<?xml version="1.0" encoding="UTF-8"?>
<!-- Generated by org.testng.reporters.JUnitReportReporter -->
<testsuite hostname="DESKTOP-6CSMFOS" failures="0" tests="1" name="care.care" time="40.357" errors="0" timestamp="2023-09-06T17:54:51 IST" skipped="0">
  <testcase classname="care.care" name="main" time="40.357"/>
  <system-out/>
</testsuite> <!-- care.care -->
