<?xml version="1.0" encoding="UTF-8"?>
<!-- Generated by org.testng.reporters.JUnitReportReporter -->
<testsuite hostname="DESKTOP-6CSMFOS" failures="0" tests="1" name="RS.RS1" time="104.817" errors="0" timestamp="2023-09-14T12:41:22 IST" skipped="0">
  <testcase classname="RS.RS1" name="main" time="104.817"/>
  <system-out/>
</testsuite> <!-- RS.RS1 -->
