<?xml version="1.0" encoding="UTF-8"?>
<!-- Generated by org.testng.reporters.JUnitReportReporter -->
<testsuite hostname="DESKTOP-6CSMFOS" failures="0" tests="1" name="reliance.reliance2" time="59.251" errors="0" timestamp="2023-10-17T18:36:49 IST" skipped="0">
  <testcase classname="reliance.reliance2" name="main" time="59.251"/>
  <system-out/>
</testsuite> <!-- reliance.reliance2 -->
