<?xml version="1.0" encoding="UTF-8"?>
<!-- Generated by org.testng.reporters.JUnitReportReporter -->
<testsuite hostname="DESKTOP-HTVHC8L" failures="0" tests="1" name="sanity.ICICI" time="168.835" errors="0" timestamp="2023-12-21T10:29:45 IST" skipped="0">
  <testcase classname="sanity.ICICI" name="main" time="168.835"/>
  <system-out/>
</testsuite> <!-- sanity.ICICI -->
