<?xml version="1.0" encoding="UTF-8"?>
<!-- Generated by org.testng.reporters.JUnitReportReporter -->
<testsuite hostname="DESKTOP-6CSMFOS" failures="0" tests="1" name="liberty.libertyp2" time="151.902" errors="0" timestamp="2023-09-14T10:22:20 IST" skipped="0">
  <testcase classname="liberty.libertyp2" name="main" time="151.902"/>
  <system-out/>
</testsuite> <!-- liberty.libertyp2 -->
