<?xml version="1.0" encoding="UTF-8"?>
<!-- Generated by org.testng.reporters.JUnitReportReporter -->
<testsuite hostname="DESKTOP-HTVHC8L" failures="0" tests="1" name="sanity.usgi" time="133.811" errors="0" timestamp="2023-12-21T10:13:09 IST" skipped="0">
  <testcase classname="sanity.usgi" name="main" time="133.811"/>
  <system-out/>
</testsuite> <!-- sanity.usgi -->
