<?xml version="1.0" encoding="UTF-8"?>
<!-- Generated by org.testng.reporters.JUnitReportReporter -->
<testsuite hostname="DESKTOP-6CSMFOS" failures="0" tests="1" name="UAT.sbi" time="127.420" errors="0" timestamp="2023-10-21T17:38:32 IST" skipped="0">
  <testcase classname="UAT.sbi" name="main" time="127.420"/>
  <system-out/>
</testsuite> <!-- UAT.sbi -->
