<?xml version="1.0" encoding="UTF-8"?>
<!-- Generated by org.testng.reporters.JUnitReportReporter -->
<testsuite hostname="DESKTOP-6CSMFOS" failures="0" tests="1" name="sbi.sbip2" time="181.957" errors="0" timestamp="2023-09-14T10:10:41 IST" skipped="0">
  <testcase classname="sbi.sbip2" name="main" time="181.957"/>
  <system-out/>
</testsuite> <!-- sbi.sbip2 -->
