<?xml version="1.0" encoding="UTF-8"?>
<!-- Generated by org.testng.reporters.JUnitReportReporter -->
<testsuite hostname="DESKTOP-HTVHC8L" failures="0" tests="1" name="SPA.hdfc" time="105.071" errors="0" timestamp="2023-12-16T12:08:08 IST" skipped="0">
  <testcase classname="SPA.hdfc" name="main" time="105.071"/>
  <system-out/>
</testsuite> <!-- SPA.hdfc -->
