<?xml version="1.0" encoding="UTF-8"?>
<!-- Generated by org.testng.reporters.JUnitReportReporter -->
<testsuite hostname="DESKTOP-HTVHC8L" failures="0" tests="1" name="sanity.niva1_0" time="146.726" errors="0" timestamp="2023-12-01T10:48:00 IST" skipped="0">
  <testcase classname="sanity.niva1_0" name="main" time="146.726"/>
  <system-out/>
</testsuite> <!-- sanity.niva1_0 -->
