<?xml version="1.0" encoding="UTF-8"?>
<!-- Generated by org.testng.reporters.JUnitReportReporter -->
<testsuite hostname="DESKTOP-HTVHC8L" failures="0" tests="1" name="SIB.niva1_0" time="95.239" errors="0" timestamp="2023-12-11T17:33:15 IST" skipped="0">
  <testcase classname="SIB.niva1_0" name="main" time="95.239"/>
  <system-out/>
</testsuite> <!-- SIB.niva1_0 -->
