<?xml version="1.0" encoding="UTF-8"?>
<!-- Generated by org.testng.reporters.JUnitReportReporter -->
<testsuite hostname="DESKTOP-HTVHC8L" failures="0" tests="1" name="Choice.star" time="115.042" errors="0" timestamp="2023-12-15T12:18:07 IST" skipped="0">
  <testcase classname="Choice.star" name="main" time="115.042"/>
  <system-out/>
</testsuite> <!-- Choice.star -->
