<?xml version="1.0" encoding="UTF-8"?>
<!-- Generated by org.testng.reporters.JUnitReportReporter -->
<testsuite hostname="DESKTOP-HTVHC8L" failures="0" tests="1" name="sanity.edlewise" time="115.875" errors="0" timestamp="2023-12-16T13:26:52 IST" skipped="0">
  <testcase classname="sanity.edlewise" name="main" time="115.875"/>
  <system-out/>
</testsuite> <!-- sanity.edlewise -->
