<?xml version="1.0" encoding="UTF-8"?>
<!-- Generated by org.testng.reporters.JUnitReportReporter -->
<testsuite hostname="DESKTOP-HTVHC8L" failures="0" tests="1" name="FinEzzy.reliance" time="96.598" errors="0" timestamp="2023-12-01T11:30:02 IST" skipped="0">
  <testcase classname="FinEzzy.reliance" name="main" time="96.598"/>
  <system-out/>
</testsuite> <!-- FinEzzy.reliance -->
