<?xml version="1.0" encoding="UTF-8"?>
<!-- Generated by org.testng.reporters.JUnitReportReporter -->
<testsuite hostname="DESKTOP-6CSMFOS" failures="0" tests="1" name="mcigna.mcigna" time="174.278" errors="0" timestamp="2023-09-14T12:31:44 IST" skipped="0">
  <testcase classname="mcigna.mcigna" name="main" time="174.278"/>
  <system-out/>
</testsuite> <!-- mcigna.mcigna -->
