<?xml version="1.0" encoding="UTF-8"?>
<!-- Generated by org.testng.reporters.JUnitReportReporter -->
<testsuite hostname="DESKTOP-HTVHC8L" failures="0" tests="1" name="SIB.star" time="147.681" errors="0" timestamp="2023-12-11T16:33:32 IST" skipped="0">
  <testcase classname="SIB.star" name="main" time="147.681"/>
  <system-out/>
</testsuite> <!-- SIB.star -->
