<?xml version="1.0" encoding="UTF-8"?>
<!-- Generated by org.testng.reporters.JUnitReportReporter -->
<testsuite hostname="DESKTOP-HTVHC8L" failures="0" tests="1" name="sanity.GoDigit" time="142.358" errors="0" timestamp="2023-12-21T10:39:00 IST" skipped="0">
  <testcase classname="sanity.GoDigit" name="main" time="142.358"/>
  <system-out/>
</testsuite> <!-- sanity.GoDigit -->
