<?xml version="1.0" encoding="UTF-8"?>
<!-- Generated by org.testng.reporters.JUnitReportReporter -->
<testsuite hostname="DESKTOP-HTVHC8L" failures="0" tests="1" name="FinEzzy.GoDigit" time="97.645" errors="0" timestamp="2023-12-01T11:22:30 IST" skipped="0">
  <testcase classname="FinEzzy.GoDigit" name="main" time="97.645"/>
  <system-out/>
</testsuite> <!-- FinEzzy.GoDigit -->
