<?xml version="1.0" encoding="UTF-8"?>
<!-- Generated by org.testng.reporters.JUnitReportReporter -->
<testsuite hostname="DESKTOP-HTVHC8L" failures="0" tests="1" name="sanity.star" time="96.493" errors="0" timestamp="2023-12-21T11:56:13 IST" skipped="0">
  <testcase classname="sanity.star" name="main" time="96.493"/>
  <system-out/>
</testsuite> <!-- sanity.star -->
