<?xml version="1.0" encoding="UTF-8"?>
<!-- Generated by org.testng.reporters.JUnitReportReporter -->
<testsuite hostname="DESKTOP-HTVHC8L" failures="0" tests="1" name="PolicyEra.care" time="13.611" errors="0" timestamp="2023-12-21T12:11:18 IST" skipped="0">
  <testcase classname="PolicyEra.care" name="main" time="13.611"/>
  <system-out/>
</testsuite> <!-- PolicyEra.care -->
