<?xml version="1.0" encoding="UTF-8"?>
<!-- Generated by org.testng.reporters.JUnitReportReporter -->
<testsuite hostname="DESKTOP-HTVHC8L" failures="0" tests="1" name="sanity.FG" time="113.363" errors="0" timestamp="2023-12-21T10:41:16 IST" skipped="0">
  <testcase classname="sanity.FG" name="main" time="113.363"/>
  <system-out/>
</testsuite> <!-- sanity.FG -->
