<?xml version="1.0" encoding="UTF-8"?>
<!-- Generated by org.testng.reporters.JUnitReportReporter -->
<testsuite hostname="DESKTOP-6CSMFOS" failures="0" tests="1" name="model.demo" time="41.682" errors="0" timestamp="2023-10-10T12:39:43 IST" skipped="0">
  <testcase classname="model.demo" name="main" time="41.682"/>
  <system-out/>
</testsuite> <!-- model.demo -->
