<?xml version="1.0" encoding="UTF-8"?>
<!-- Generated by org.testng.reporters.JUnitReportReporter -->
<testsuite hostname="DESKTOP-HTVHC8L" failures="0" tests="1" name="sanity.sbi" time="149.798" errors="0" timestamp="2023-12-21T10:19:03 IST" skipped="0">
  <testcase classname="sanity.sbi" name="main" time="149.798"/>
  <system-out/>
</testsuite> <!-- sanity.sbi -->
