<?xml version="1.0" encoding="UTF-8"?>
<!-- Generated by org.testng.reporters.JUnitReportReporter -->
<testsuite hostname="DESKTOP-HTVHC8L" failures="0" tests="1" name="sanity.hdfc" time="118.342" errors="0" timestamp="2023-12-21T10:36:19 IST" skipped="0">
  <testcase classname="sanity.hdfc" name="main" time="118.342"/>
  <system-out/>
</testsuite> <!-- sanity.hdfc -->
