<?xml version="1.0" encoding="UTF-8"?>
<!-- Generated by org.testng.reporters.JUnitReportReporter -->
<testsuite hostname="DESKTOP-HTVHC8L" failures="0" tests="1" name="SPA.star" time="157.077" errors="0" timestamp="2023-12-16T12:05:17 IST" skipped="0">
  <testcase classname="SPA.star" name="main" time="157.077"/>
  <system-out/>
</testsuite> <!-- SPA.star -->
