<?xml version="1.0" encoding="UTF-8"?>
<!-- Generated by org.testng.reporters.JUnitReportReporter -->
<testsuite hostname="DESKTOP-HTVHC8L" failures="0" tests="1" name="Choice.bajaj" time="169.179" errors="0" timestamp="2023-12-18T11:58:48 IST" skipped="0">
  <testcase classname="Choice.bajaj" name="main" time="169.179"/>
  <system-out/>
</testsuite> <!-- Choice.bajaj -->
