<?xml version="1.0" encoding="UTF-8"?>
<!-- Generated by org.testng.reporters.JUnitReportReporter -->
<testsuite hostname="DESKTOP-6CSMFOS" failures="0" tests="1" name="edlewise.edlewise" time="251.580" errors="0" timestamp="2023-09-08T16:15:09 IST" skipped="0">
  <testcase classname="edlewise.edlewise" name="main" time="251.580"/>
  <system-out/>
</testsuite> <!-- edlewise.edlewise -->
