<?xml version="1.0" encoding="UTF-8"?>
<!-- Generated by org.testng.reporters.JUnitReportReporter -->
<testsuite hostname="DESKTOP-6CSMFOS" failures="0" tests="1" name="reliance.reliance1" time="128.818" errors="0" timestamp="2023-10-17T16:26:03 IST" skipped="0">
  <testcase classname="reliance.reliance1" name="main" time="128.818"/>
  <system-out/>
</testsuite> <!-- reliance.reliance1 -->
