<?xml version="1.0" encoding="UTF-8"?>
<!-- Generated by org.testng.reporters.JUnitReportReporter -->
<testsuite hostname="DESKTOP-6CSMFOS" failures="0" tests="1" name="edlewise" time="238.393" errors="0" timestamp="2023-09-08T11:47:21 IST" skipped="0">
  <testcase classname="edlewise" name="main" time="238.393"/>
  <system-out/>
</testsuite> <!-- edlewise -->
